<?xml version="1.0" encoding="UTF-8"?>
<!-- Generated by org.testng.reporters.JUnitReportReporter -->
<testsuite skipped="0" hostname="F04095" name="currency.converter.testcases.Test_001_VerifyCurrencyExchangeCalculatorPageDisplay" tests="2" failures="0" timestamp="2021-04-05T00:34:16 EDT" time="33.190" errors="0">
  <testcase name="verifySellInputField" time="9.582" classname="currency.converter.testcases.Test_001_VerifyCurrencyExchangeCalculatorPageDisplay"/>
  <system-out/>
  <testcase name="verifyBuyInputField" time="23.608" classname="currency.converter.testcases.Test_001_VerifyCurrencyExchangeCalculatorPageDisplay"/>
  <system-out/>
</testsuite> <!-- currency.converter.testcases.Test_001_VerifyCurrencyExchangeCalculatorPageDisplay -->
