<?xml version="1.0" encoding="UTF-8"?>
<!-- Generated by org.testng.reporters.JUnitReportReporter -->
<testsuite skipped="0" hostname="F04095" name="currency.converter.testcases.Test_001_VerifyCurrencyExchangeCalculatorPage" tests="4" failures="0" timestamp="2021-03-31T03:51:11 EDT" time="76.477" errors="0">
  <testcase name="verifyCurrencyCalculatorTitle" time="19.207" classname="currency.converter.testcases.Test_001_VerifyCurrencyExchangeCalculatorPage"/>
  <system-out/>
  <testcase name="verifyCurrencyCalculatorLogo" time="12.511" classname="currency.converter.testcases.Test_001_VerifyCurrencyExchangeCalculatorPage"/>
  <system-out/>
  <testcase name="verifyCurrencyCalculatorHeader" time="22.323" classname="currency.converter.testcases.Test_001_VerifyCurrencyExchangeCalculatorPage"/>
  <system-out/>
  <testcase name="verifyRateTableFilterDisplay" time="22.436" classname="currency.converter.testcases.Test_001_VerifyCurrencyExchangeCalculatorPage"/>
  <system-out/>
</testsuite> <!-- currency.converter.testcases.Test_001_VerifyCurrencyExchangeCalculatorPage -->
