<?xml version="1.0" encoding="UTF-8"?>
<!-- Generated by org.testng.reporters.JUnitReportReporter -->
<testsuite skipped="0" hostname="F04095" name="currency.converter.testcases.Test_002_VerifyCountryChangeDisplay" tests="1" failures="0" timestamp="2021-04-04T19:15:57 EDT" time="17.513" errors="0">
  <testcase name="verifyCountryChangeTest" time="17.513" classname="currency.converter.testcases.Test_002_VerifyCountryChangeDisplay"/>
  <system-out/>
</testsuite> <!-- currency.converter.testcases.Test_002_VerifyCountryChangeDisplay -->
