<?xml version="1.0" encoding="UTF-8"?>
<!-- Generated by org.testng.reporters.JUnitReportReporter -->
<testsuite skipped="0" hostname="F04095" name="currency.converter.testcases.Test_001_VerifyCurrencyExchangeCalculatorPageTest" tests="1" failures="0" timestamp="2021-03-30T21:03:01 EDT" time="10.698" errors="0">
  <testcase name="verifyCurExCalcHeaderTest" time="10.698" classname="currency.converter.testcases.Test_001_VerifyCurrencyExchangeCalculatorPageTest"/>
  <system-out/>
</testsuite> <!-- currency.converter.testcases.Test_001_VerifyCurrencyExchangeCalculatorPageTest -->
