<?xml version="1.0" encoding="UTF-8"?>
<!-- Generated by org.testng.reporters.JUnitReportReporter -->
<testsuite skipped="0" hostname="F04095" name="currency.converter.testcases.Test_003_VerifyCurrencyConversion" tests="1" failures="0" timestamp="2021-04-05T02:31:49 EDT" time="17.067" errors="0">
  <testcase name="verifyConversionRateDifference" time="17.067" classname="currency.converter.testcases.Test_003_VerifyCurrencyConversion"/>
  <system-out/>
</testsuite> <!-- currency.converter.testcases.Test_003_VerifyCurrencyConversion -->
